<?xml version="1.0" encoding="UTF-8"?>
<testsuite name="Tests" tests="1" skipped="0" failures="0" errors="0" timestamp="2023-02-08T15:23:30" hostname="192.168.1.2" time="0.027">
  <properties/>
  <testcase name="test3DeleteStream()" classname="Tests" time="0.027"/>
  <system-out><![CDATA[]]></system-out>
  <system-err><![CDATA[]]></system-err>
</testsuite>
